# JRE version: OpenJDK Runtime Environment (8.0_202-b03) (build 1.8.0_202-release-1483-b03)
# Java VM: OpenJDK 64-Bit Server VM (25.202-b03 mixed mode windows-amd64 compressed oops)
Heap:
 PSYoungGen      total 267776K, used 108829K [0x00000000e0000000, 0x00000000f9100000, 0x0000000100000000)
  eden space 243712K, 44% used [0x00000000e0000000,0x00000000e6a476c8,0x00000000eee00000)
  from space 24064K, 0% used [0x00000000eee00000,0x00000000eee00000,0x00000000f0580000)
  to   space 29184K, 0% used [0x00000000f7480000,0x00000000f7480000,0x00000000f9100000)
 ParOldGen       total 176128K, used 40367K [0x00000000a0000000, 0x00000000aac00000, 0x00000000e0000000)
  object space 176128K, 22% used [0x00000000a0000000,0x00000000a276bc40,0x00000000aac00000)
 Metaspace       used 62338K, capacity 64804K, committed 64920K, reserved 1105920K
  class space    used 8542K, capacity 9111K, committed 9128K, reserved 1048576K
GC Heap History (10 events):
Event: 25.876 GC heap before
{Heap before GC invocations=6 (full 1):
 PSYoungGen      total 167424K, used 91513K [0x00000000e0000000, 0x00000000ecf00000, 0x0000000100000000)
  eden space 159744K, 52% used [0x00000000e0000000,0x00000000e51de928,0x00000000e9c00000)
  from space 7680K, 99% used [0x00000000ec780000,0x00000000eceffd18,0x00000000ecf00000)
  to   space 7680K, 0% used [0x00000000ec000000,0x00000000ec000000,0x00000000ec780000)
 ParOldGen       total 85504K, used 16660K [0x00000000a0000000, 0x00000000a5380000, 0x00000000e0000000)
  object space 85504K, 19% used [0x00000000a0000000,0x00000000a10453d8,0x00000000a5380000)
 Metaspace       used 34486K, capacity 35458K, committed 35496K, reserved 1079296K
  class space    used 4768K, capacity 5019K, committed 5032K, reserved 1048576K
Event: 25.924 GC heap after
Heap after GC invocations=6 (full 1):
 PSYoungGen      total 204288K, used 7680K [0x00000000e0000000, 0x00000000f1580000, 0x0000000100000000)
  eden space 196608K, 0% used [0x00000000e0000000,0x00000000e0000000,0x00000000ec000000)
  from space 7680K, 100% used [0x00000000ec000000,0x00000000ec780000,0x00000000ec780000)
  to   space 16384K, 0% used [0x00000000f0580000,0x00000000f0580000,0x00000000f1580000)
 ParOldGen       total 85504K, used 21246K [0x00000000a0000000, 0x00000000a5380000, 0x00000000e0000000)
  object space 85504K, 24% used [0x00000000a0000000,0x00000000a14bfa18,0x00000000a5380000)
 Metaspace       used 34486K, capacity 35458K, committed 35496K, reserved 1079296K
  class space    used 4768K, capacity 5019K, committed 5032K, reserved 1048576K
}
Event: 25.924 GC heap before
{Heap before GC invocations=7 (full 2):
 PSYoungGen      total 204288K, used 7680K [0x00000000e0000000, 0x00000000f1580000, 0x0000000100000000)
  eden space 196608K, 0% used [0x00000000e0000000,0x00000000e0000000,0x00000000ec000000)
  from space 7680K, 100% used [0x00000000ec000000,0x00000000ec780000,0x00000000ec780000)
  to   space 16384K, 0% used [0x00000000f0580000,0x00000000f0580000,0x00000000f1580000)
 ParOldGen       total 85504K, used 21246K [0x00000000a0000000, 0x00000000a5380000, 0x00000000e0000000)
  object space 85504K, 24% used [0x00000000a0000000,0x00000000a14bfa18,0x00000000a5380000)
 Metaspace       used 34486K, capacity 35458K, committed 35496K, reserved 1079296K
  class space    used 4768K, capacity 5019K, committed 5032K, reserved 1048576K
Event: 26.246 GC heap after
Heap after GC invocations=7 (full 2):
 PSYoungGen      total 204288K, used 0K [0x00000000e0000000, 0x00000000f1580000, 0x0000000100000000)
  eden space 196608K, 0% used [0x00000000e0000000,0x00000000e0000000,0x00000000ec000000)
  from space 7680K, 0% used [0x00000000ec000000,0x00000000ec000000,0x00000000ec780000)
  to   space 16384K, 0% used [0x00000000f0580000,0x00000000f0580000,0x00000000f1580000)
 ParOldGen       total 122368K, used 19385K [0x00000000a0000000, 0x00000000a7780000, 0x00000000e0000000)
  object space 122368K, 15% used [0x00000000a0000000,0x00000000a12ee778,0x00000000a7780000)
 Metaspace       used 34486K, capacity 35458K, committed 35496K, reserved 1079296K
  class space    used 4768K, capacity 5019K, committed 5032K, reserved 1048576K
}
Event: 48.118 GC heap before
{Heap before GC invocations=8 (full 2):
 PSYoungGen      total 204288K, used 196608K [0x00000000e0000000, 0x00000000f1580000, 0x0000000100000000)
  eden space 196608K, 100% used [0x00000000e0000000,0x00000000ec000000,0x00000000ec000000)
  from space 7680K, 0% used [0x00000000ec000000,0x00000000ec000000,0x00000000ec780000)
  to   space 16384K, 0% used [0x00000000f0580000,0x00000000f0580000,0x00000000f1580000)
 ParOldGen       total 122368K, used 19385K [0x00000000a0000000, 0x00000000a7780000, 0x00000000e0000000)
  object space 122368K, 15% used [0x00000000a0000000,0x00000000a12ee778,0x00000000a7780000)
 Metaspace       used 51504K, capacity 53226K, committed 53416K, reserved 1095680K
  class space    used 6898K, capacity 7301K, committed 7336K, reserved 1048576K
Event: 48.224 GC heap after
Heap after GC invocations=8 (full 2):
 PSYoungGen      total 260096K, used 16375K [0x00000000e0000000, 0x00000000f4a80000, 0x0000000100000000)
  eden space 243712K, 0% used [0x00000000e0000000,0x00000000e0000000,0x00000000eee00000)
  from space 16384K, 99% used [0x00000000f0580000,0x00000000f157df20,0x00000000f1580000)
  to   space 24064K, 0% used [0x00000000eee00000,0x00000000eee00000,0x00000000f0580000)
 ParOldGen       total 122368K, used 28245K [0x00000000a0000000, 0x00000000a7780000, 0x00000000e0000000)
  object space 122368K, 23% used [0x00000000a0000000,0x00000000a1b957c8,0x00000000a7780000)
 Metaspace       used 51504K, capacity 53226K, committed 53416K, reserved 1095680K
  class space    used 6898K, capacity 7301K, committed 7336K, reserved 1048576K
}
Event: 54.122 GC heap before
{Heap before GC invocations=9 (full 2):
 PSYoungGen      total 260096K, used 117627K [0x00000000e0000000, 0x00000000f4a80000, 0x0000000100000000)
  eden space 243712K, 41% used [0x00000000e0000000,0x00000000e62e0e58,0x00000000eee00000)
  from space 16384K, 99% used [0x00000000f0580000,0x00000000f157df20,0x00000000f1580000)
  to   space 24064K, 0% used [0x00000000eee00000,0x00000000eee00000,0x00000000f0580000)
 ParOldGen       total 122368K, used 28245K [0x00000000a0000000, 0x00000000a7780000, 0x00000000e0000000)
  object space 122368K, 23% used [0x00000000a0000000,0x00000000a1b957c8,0x00000000a7780000)
 Metaspace       used 57135K, capacity 59050K, committed 59160K, reserved 1099776K
  class space    used 7740K, capacity 8179K, committed 8232K, reserved 1048576K
Event: 54.190 GC heap after
Heap after GC invocations=9 (full 2):
 PSYoungGen      total 267776K, used 24033K [0x00000000e0000000, 0x00000000f9100000, 0x0000000100000000)
  eden space 243712K, 0% used [0x00000000e0000000,0x00000000e0000000,0x00000000eee00000)
  from space 24064K, 99% used [0x00000000eee00000,0x00000000f0578520,0x00000000f0580000)
  to   space 29184K, 0% used [0x00000000f7480000,0x00000000f7480000,0x00000000f9100000)
 ParOldGen       total 122368K, used 29891K [0x00000000a0000000, 0x00000000a7780000, 0x00000000e0000000)
  object space 122368K, 24% used [0x00000000a0000000,0x00000000a1d30f38,0x00000000a7780000)
 Metaspace       used 57135K, capacity 59050K, committed 59160K, reserved 1099776K
  class space    used 7740K, capacity 8179K, committed 8232K, reserved 1048576K
}
Event: 54.190 GC heap before
{Heap before GC invocations=10 (full 3):
 PSYoungGen      total 267776K, used 24033K [0x00000000e0000000, 0x00000000f9100000, 0x0000000100000000)
  eden space 243712K, 0% used [0x00000000e0000000,0x00000000e0000000,0x00000000eee00000)
  from space 24064K, 99% used [0x00000000eee00000,0x00000000f0578520,0x00000000f0580000)
  to   space 29184K, 0% used [0x00000000f7480000,0x00000000f7480000,0x00000000f9100000)
 ParOldGen       total 122368K, used 29891K [0x00000000a0000000, 0x00000000a7780000, 0x00000000e0000000)
  object space 122368K, 24% used [0x00000000a0000000,0x00000000a1d30f38,0x00000000a7780000)
 Metaspace       used 57135K, capacity 59050K, committed 59160K, reserved 1099776K
  class space    used 7740K, capacity 8179K, committed 8232K, reserved 1048576K
Event: 54.670 GC heap after
Heap after GC invocations=10 (full 3):
 PSYoungGen      total 267776K, used 0K [0x00000000e0000000, 0x00000000f9100000, 0x0000000100000000)
  eden space 243712K, 0% used [0x00000000e0000000,0x00000000e0000000,0x00000000eee00000)
  from space 24064K, 0% used [0x00000000eee00000,0x00000000eee00000,0x00000000f0580000)
  to   space 29184K, 0% used [0x00000000f7480000,0x00000000f7480000,0x00000000f9100000)
 ParOldGen       total 176128K, used 40367K [0x00000000a0000000, 0x00000000aac00000, 0x00000000e0000000)
  object space 176128K, 22% used [0x00000000a0000000,0x00000000a276bc40,0x00000000aac00000)
 Metaspace       used 57128K, capacity 59026K, committed 59160K, reserved 1099776K
  class space    used 7738K, capacity 8175K, committed 8232K, reserved 1048576K
}

